<?xml version="1.0" encoding="UTF-8"?>
<!-- Generated by org.testng.reporters.JUnitReportReporter -->
<testsuite skipped="0" hostname="nikhilk" name="com.caw.qa.testcases.SignUpNewUser" tests="1" failures="0" timestamp="24 Oct 2018 12:51:33 GMT" time="12.553" errors="0">
  <testcase name="signupWithNewUser" time="12.553" classname="com.caw.qa.testcases.SignUpNewUser"/>
</testsuite> <!-- com.caw.qa.testcases.SignUpNewUser -->
