<?xml version="1.0" encoding="UTF-8"?>
<!-- Generated by org.testng.reporters.JUnitReportReporter -->
<testsuite skipped="0" hostname="nikhilk" name="com.caw.qa.testcases.LoginPageTestcase" tests="3" failures="0" timestamp="28 Jun 2018 09:00:11 GMT" time="22.618" errors="0">
  <testcase name="getLoginPageTitle" time="8.008" classname="com.caw.qa.testcases.LoginPageTestcase"/>
  <testcase name="loginAsUser" time="8.199" classname="com.caw.qa.testcases.LoginPageTestcase"/>
  <testcase name="loginAsUser" time="6.411" classname="com.caw.qa.testcases.LoginPageTestcase"/>
</testsuite> <!-- com.caw.qa.testcases.LoginPageTestcase -->
